{"contracts\\ControlContract.sol":{"l":{"61":10,"62":10,"63":10,"64":10,"65":10,"66":10,"69":10,"70":10,"87":17,"89":17,"90":17,"110":13,"111":13,"113":13,"115":13,"116":13,"117":13,"128":13,"133":12,"135":11,"136":11,"137":11,"138":16,"147":15,"148":15,"149":15,"150":15,"172":10,"173":10,"175":10,"177":7,"178":7,"180":7,"182":7,"184":7,"185":7,"186":7,"187":7,"188":7,"190":7,"204":6,"205":6,"229":10,"231":10,"232":10,"235":10,"238":4,"244":9,"245":9,"246":9,"247":9,"248":9,"249":9,"250":9,"266":35,"267":35,"269":35,"270":35,"271":46,"272":46,"276":35,"281":35,"282":35,"283":46,"284":46,"289":35,"290":35,"295":35,"297":35,"298":35,"300":35,"301":39,"302":39,"303":32,"304":32,"305":32,"308":39,"309":32,"313":35,"314":32,"315":6,"317":32,"318":32,"320":32,"322":3,"339":4,"356":39,"357":39,"358":6,"361":6,"362":2,"376":23,"377":20,"378":20,"379":20,"380":19,"382":19,"384":19,"386":19,"387":19,"388":19,"390":19,"391":19,"392":19,"393":19,"396":19,"397":16,"398":16,"409":14,"432":20,"433":20,"435":20,"436":20,"437":20,"440":20,"441":20,"442":20,"443":20,"444":20,"445":20,"448":20,"464":30,"465":30,"466":30,"467":30,"469":0,"484":52,"497":7},"path":"g:\\_projects\\intercoin\\ControlContract\\src\\contracts\\ControlContract.sol","s":{"1":10,"2":10,"3":10,"4":10,"5":10,"6":10,"7":10,"8":13,"9":13,"10":13,"11":13,"12":13,"13":13,"14":13,"15":12,"16":11,"17":11,"18":11,"19":16,"20":15,"21":15,"22":15,"23":15,"24":10,"25":10,"26":10,"27":7,"28":7,"29":7,"30":7,"31":7,"32":7,"33":7,"34":7,"35":7,"36":7,"37":6,"38":6,"39":10,"40":10,"41":10,"42":10,"43":4,"44":9,"45":9,"46":9,"47":9,"48":9,"49":9,"50":9,"51":35,"52":35,"53":35,"54":35,"55":46,"56":46,"57":35,"58":35,"59":35,"60":46,"61":46,"62":35,"63":35,"64":35,"65":35,"66":35,"67":35,"68":39,"69":39,"70":32,"71":32,"72":39,"73":35,"74":32,"75":6,"76":32,"77":32,"78":32,"79":3,"80":4,"81":39,"82":39,"83":6,"84":6,"85":2,"86":23,"87":20,"88":20,"89":20,"90":19,"91":19,"92":19,"93":19,"94":19,"95":19,"96":19,"97":19,"98":19,"99":19,"100":19,"101":16,"102":16,"103":14,"104":20,"105":20,"106":20,"107":20,"108":20,"109":20,"110":20,"111":20,"112":20,"113":20,"114":20,"115":20,"116":30,"117":30,"118":30,"119":30,"120":0,"121":52,"122":7},"b":{"1":[10,0],"2":[10,0],"3":[12,1],"4":[11,1],"5":[15,1],"6":[10,0],"7":[10,0],"8":[10,0],"9":[6,4],"10":[3,1],"11":[35,11],"12":[35,11],"13":[32,7],"14":[32,7],"15":[32,3],"16":[6,26],"17":[6,33],"18":[2,4],"19":[20,3],"20":[20,0],"21":[19,1],"22":[19,0],"23":[19,0],"24":[16,3],"25":[20,0],"26":[20,0],"27":[30,0]},"f":{"1":10,"2":13,"3":10,"4":6,"5":10,"6":35,"7":4,"8":39,"9":23,"10":20,"11":30,"12":52,"13":7},"fnMap":{"1":{"name":"canInvoke","line":55,"loc":{"start":{"line":55,"column":4},"end":{"line":71,"column":4}}},"2":{"name":"init","line":108,"loc":{"start":{"line":103,"column":4},"end":{"line":153,"column":4}}},"3":{"name":"invoke","line":169,"loc":{"start":{"line":163,"column":4},"end":{"line":192,"column":4}}},"4":{"name":"endorse","line":199,"loc":{"start":{"line":199,"column":4},"end":{"line":206,"column":4}}},"5":{"name":"addMethod","line":227,"loc":{"start":{"line":218,"column":4},"end":{"line":252,"column":4}}},"6":{"name":"heartbeat","line":261,"loc":{"start":{"line":261,"column":4},"end":{"line":325,"column":4}}},"7":{"name":"getExpectGroupIndex","line":333,"loc":{"start":{"line":333,"column":4},"end":{"line":340,"column":4}}},"8":{"name":"_getExpectGroupIndex","line":349,"loc":{"start":{"line":349,"column":4},"end":{"line":365,"column":4}}},"9":{"name":"_endorse","line":374,"loc":{"start":{"line":370,"column":4},"end":{"line":412,"column":4}}},"10":{"name":"getEndorsedRoles","line":423,"loc":{"start":{"line":423,"column":4},"end":{"line":449,"column":4}}},"11":{"name":"roleAdd","line":458,"loc":{"start":{"line":458,"column":4},"end":{"line":471,"column":4}}},"12":{"name":"roleExists","line":477,"loc":{"start":{"line":477,"column":4},"end":{"line":485,"column":4}}},"13":{"name":"generateInvokeID","line":491,"loc":{"start":{"line":491,"column":4},"end":{"line":502,"column":4}}}},"statementMap":{"1":{"start":{"line":61,"column":8},"end":{"line":61,"column":22}},"2":{"start":{"line":62,"column":8},"end":{"line":62,"column":65}},"3":{"start":{"line":63,"column":8},"end":{"line":63,"column":77}},"4":{"start":{"line":64,"column":8},"end":{"line":64,"column":1870}},"5":{"start":{"line":65,"column":12},"end":{"line":65,"column":1931}},"6":{"start":{"line":66,"column":16},"end":{"line":66,"column":23}},"7":{"start":{"line":69,"column":8},"end":{"line":69,"column":58}},"8":{"start":{"line":110,"column":8},"end":{"line":110,"column":23}},"9":{"start":{"line":111,"column":8},"end":{"line":111,"column":31}},"10":{"start":{"line":113,"column":8},"end":{"line":113,"column":39}},"11":{"start":{"line":115,"column":8},"end":{"line":115,"column":39}},"12":{"start":{"line":116,"column":8},"end":{"line":116,"column":24}},"13":{"start":{"line":117,"column":8},"end":{"line":117,"column":25}},"14":{"start":{"line":128,"column":8},"end":{"line":128,"column":4107}},"15":{"start":{"line":133,"column":8},"end":{"line":133,"column":64}},"16":{"start":{"line":135,"column":8},"end":{"line":135,"column":28}},"17":{"start":{"line":136,"column":8},"end":{"line":136,"column":40}},"18":{"start":{"line":137,"column":8},"end":{"line":137,"column":4440}},"19":{"start":{"line":138,"column":12},"end":{"line":138,"column":4506}},"20":{"start":{"line":147,"column":12},"end":{"line":147,"column":42}},"21":{"start":{"line":148,"column":12},"end":{"line":148,"column":51}},"22":{"start":{"line":149,"column":12},"end":{"line":149,"column":71}},"23":{"start":{"line":150,"column":12},"end":{"line":150,"column":73}},"24":{"start":{"line":172,"column":8},"end":{"line":172,"column":65}},"25":{"start":{"line":173,"column":8},"end":{"line":173,"column":72}},"26":{"start":{"line":175,"column":8},"end":{"line":175,"column":18}},"27":{"start":{"line":177,"column":8},"end":{"line":177,"column":36}},"28":{"start":{"line":178,"column":8},"end":{"line":178,"column":37}},"29":{"start":{"line":180,"column":8},"end":{"line":180,"column":72}},"30":{"start":{"line":182,"column":8},"end":{"line":182,"column":79}},"31":{"start":{"line":184,"column":8},"end":{"line":184,"column":76}},"32":{"start":{"line":185,"column":8},"end":{"line":185,"column":80}},"33":{"start":{"line":186,"column":8},"end":{"line":186,"column":69}},"34":{"start":{"line":187,"column":8},"end":{"line":187,"column":82}},"35":{"start":{"line":188,"column":8},"end":{"line":188,"column":84}},"36":{"start":{"line":190,"column":8},"end":{"line":190,"column":67}},"37":{"start":{"line":204,"column":8},"end":{"line":204,"column":18}},"38":{"start":{"line":205,"column":8},"end":{"line":205,"column":25}},"39":{"start":{"line":229,"column":8},"end":{"line":229,"column":65}},"40":{"start":{"line":231,"column":8},"end":{"line":231,"column":70}},"41":{"start":{"line":232,"column":8},"end":{"line":232,"column":71}},"42":{"start":{"line":235,"column":8},"end":{"line":235,"column":7940}},"43":{"start":{"line":238,"column":12},"end":{"line":238,"column":8008}},"44":{"start":{"line":244,"column":8},"end":{"line":244,"column":31}},"45":{"start":{"line":245,"column":8},"end":{"line":245,"column":34}},"46":{"start":{"line":246,"column":8},"end":{"line":246,"column":33}},"47":{"start":{"line":247,"column":8},"end":{"line":247,"column":35}},"48":{"start":{"line":248,"column":8},"end":{"line":248,"column":37}},"49":{"start":{"line":249,"column":8},"end":{"line":249,"column":65}},"50":{"start":{"line":250,"column":8},"end":{"line":250,"column":67}},"51":{"start":{"line":266,"column":8},"end":{"line":266,"column":23}},"52":{"start":{"line":267,"column":8},"end":{"line":267,"column":22}},"53":{"start":{"line":269,"column":8},"end":{"line":269,"column":83}},"54":{"start":{"line":270,"column":8},"end":{"line":270,"column":9058}},"55":{"start":{"line":271,"column":12},"end":{"line":271,"column":9118}},"56":{"start":{"line":272,"column":16},"end":{"line":272,"column":9185}},"57":{"start":{"line":276,"column":20},"end":{"line":276,"column":27}},"58":{"start":{"line":281,"column":8},"end":{"line":281,"column":61}},"59":{"start":{"line":282,"column":8},"end":{"line":282,"column":9496}},"60":{"start":{"line":283,"column":12},"end":{"line":283,"column":9558}},"61":{"start":{"line":284,"column":16},"end":{"line":284,"column":9623}},"62":{"start":{"line":289,"column":20},"end":{"line":289,"column":42}},"63":{"start":{"line":290,"column":20},"end":{"line":290,"column":26}},"64":{"start":{"line":295,"column":8},"end":{"line":295,"column":57}},"65":{"start":{"line":297,"column":8},"end":{"line":297,"column":28}},"66":{"start":{"line":298,"column":8},"end":{"line":298,"column":28}},"67":{"start":{"line":300,"column":8},"end":{"line":300,"column":10059}},"68":{"start":{"line":301,"column":12},"end":{"line":301,"column":10125}},"69":{"start":{"line":302,"column":16},"end":{"line":302,"column":10201}},"70":{"start":{"line":303,"column":20},"end":{"line":303,"column":35}},"71":{"start":{"line":304,"column":20},"end":{"line":304,"column":33}},"72":{"start":{"line":308,"column":12},"end":{"line":308,"column":10373}},"73":{"start":{"line":313,"column":8},"end":{"line":313,"column":10440}},"74":{"start":{"line":314,"column":12},"end":{"line":314,"column":10471}},"75":{"start":{"line":315,"column":16},"end":{"line":315,"column":95}},"76":{"start":{"line":317,"column":12},"end":{"line":317,"column":43}},"77":{"start":{"line":318,"column":12},"end":{"line":318,"column":62}},"78":{"start":{"line":320,"column":12},"end":{"line":320,"column":62}},"79":{"start":{"line":322,"column":12},"end":{"line":322,"column":57}},"80":{"start":{"line":339,"column":8},"end":{"line":339,"column":37}},"81":{"start":{"line":356,"column":8},"end":{"line":356,"column":32}},"82":{"start":{"line":357,"column":8},"end":{"line":357,"column":11569}},"83":{"start":{"line":358,"column":12},"end":{"line":358,"column":11672}},"84":{"start":{"line":361,"column":12},"end":{"line":361,"column":11827}},"85":{"start":{"line":362,"column":16},"end":{"line":362,"column":38}},"86":{"start":{"line":376,"column":8},"end":{"line":376,"column":109}},"87":{"start":{"line":377,"column":8},"end":{"line":377,"column":170}},"88":{"start":{"line":378,"column":8},"end":{"line":378,"column":66}},"89":{"start":{"line":379,"column":8},"end":{"line":379,"column":157}},"90":{"start":{"line":380,"column":8},"end":{"line":380,"column":116}},"91":{"start":{"line":382,"column":8},"end":{"line":382,"column":88}},"92":{"start":{"line":384,"column":8},"end":{"line":384,"column":58}},"93":{"start":{"line":386,"column":8},"end":{"line":386,"column":27}},"94":{"start":{"line":387,"column":8},"end":{"line":387,"column":12937}},"95":{"start":{"line":388,"column":12},"end":{"line":388,"column":75}},"96":{"start":{"line":390,"column":12},"end":{"line":390,"column":23}},"97":{"start":{"line":391,"column":12},"end":{"line":391,"column":104}},"98":{"start":{"line":392,"column":12},"end":{"line":392,"column":13226}},"99":{"start":{"line":393,"column":16},"end":{"line":393,"column":75}},"100":{"start":{"line":396,"column":12},"end":{"line":396,"column":13416}},"101":{"start":{"line":397,"column":16},"end":{"line":397,"column":76}},"102":{"start":{"line":398,"column":16},"end":{"line":398,"column":13602}},"103":{"start":{"line":409,"column":16},"end":{"line":409,"column":66}},"104":{"start":{"line":432,"column":8},"end":{"line":432,"column":77}},"105":{"start":{"line":433,"column":8},"end":{"line":433,"column":19}},"106":{"start":{"line":435,"column":8},"end":{"line":435,"column":14809}},"107":{"start":{"line":436,"column":12},"end":{"line":436,"column":14870}},"108":{"start":{"line":437,"column":16},"end":{"line":437,"column":23}},"109":{"start":{"line":440,"column":8},"end":{"line":440,"column":48}},"110":{"start":{"line":441,"column":8},"end":{"line":441,"column":21}},"111":{"start":{"line":442,"column":8},"end":{"line":442,"column":15107}},"112":{"start":{"line":443,"column":12},"end":{"line":443,"column":15168}},"113":{"start":{"line":444,"column":16},"end":{"line":444,"column":33}},"114":{"start":{"line":445,"column":16},"end":{"line":445,"column":21}},"115":{"start":{"line":448,"column":8},"end":{"line":448,"column":19}},"116":{"start":{"line":464,"column":8},"end":{"line":464,"column":15681}},"117":{"start":{"line":465,"column":12},"end":{"line":465,"column":29}},"118":{"start":{"line":466,"column":12},"end":{"line":466,"column":44}},"119":{"start":{"line":467,"column":12},"end":{"line":467,"column":32}},"120":{"start":{"line":469,"column":12},"end":{"line":469,"column":36}},"121":{"start":{"line":484,"column":8},"end":{"line":484,"column":52}},"122":{"start":{"line":497,"column":8},"end":{"line":497,"column":16432}}},"branchMap":{"1":{"line":65,"type":"if","locations":[{"start":{"line":65,"column":12},"end":{"line":65,"column":12}},{"start":{"line":65,"column":12},"end":{"line":65,"column":12}}]},"2":{"line":69,"type":"if","locations":[{"start":{"line":69,"column":8},"end":{"line":69,"column":8}},{"start":{"line":69,"column":8},"end":{"line":69,"column":8}}]},"3":{"line":128,"type":"if","locations":[{"start":{"line":128,"column":8},"end":{"line":128,"column":8}},{"start":{"line":128,"column":8},"end":{"line":128,"column":8}}]},"4":{"line":133,"type":"if","locations":[{"start":{"line":133,"column":8},"end":{"line":133,"column":8}},{"start":{"line":133,"column":8},"end":{"line":133,"column":8}}]},"5":{"line":138,"type":"if","locations":[{"start":{"line":138,"column":12},"end":{"line":138,"column":12}},{"start":{"line":138,"column":12},"end":{"line":138,"column":12}}]},"6":{"line":173,"type":"if","locations":[{"start":{"line":173,"column":8},"end":{"line":173,"column":8}},{"start":{"line":173,"column":8},"end":{"line":173,"column":8}}]},"7":{"line":231,"type":"if","locations":[{"start":{"line":231,"column":8},"end":{"line":231,"column":8}},{"start":{"line":231,"column":8},"end":{"line":231,"column":8}}]},"8":{"line":232,"type":"if","locations":[{"start":{"line":232,"column":8},"end":{"line":232,"column":8}},{"start":{"line":232,"column":8},"end":{"line":232,"column":8}}]},"9":{"line":235,"type":"if","locations":[{"start":{"line":235,"column":8},"end":{"line":235,"column":8}},{"start":{"line":235,"column":8},"end":{"line":235,"column":8}}]},"10":{"line":238,"type":"if","locations":[{"start":{"line":238,"column":12},"end":{"line":238,"column":12}},{"start":{"line":238,"column":12},"end":{"line":238,"column":12}}]},"11":{"line":272,"type":"if","locations":[{"start":{"line":272,"column":16},"end":{"line":272,"column":16}},{"start":{"line":272,"column":16},"end":{"line":272,"column":16}}]},"12":{"line":284,"type":"if","locations":[{"start":{"line":284,"column":16},"end":{"line":284,"column":16}},{"start":{"line":284,"column":16},"end":{"line":284,"column":16}}]},"13":{"line":302,"type":"if","locations":[{"start":{"line":302,"column":16},"end":{"line":302,"column":16}},{"start":{"line":302,"column":16},"end":{"line":302,"column":16}}]},"14":{"line":308,"type":"if","locations":[{"start":{"line":308,"column":12},"end":{"line":308,"column":12}},{"start":{"line":308,"column":12},"end":{"line":308,"column":12}}]},"15":{"line":313,"type":"if","locations":[{"start":{"line":313,"column":8},"end":{"line":313,"column":8}},{"start":{"line":313,"column":8},"end":{"line":313,"column":8}}]},"16":{"line":314,"type":"if","locations":[{"start":{"line":314,"column":12},"end":{"line":314,"column":12}},{"start":{"line":314,"column":12},"end":{"line":314,"column":12}}]},"17":{"line":357,"type":"if","locations":[{"start":{"line":357,"column":8},"end":{"line":357,"column":8}},{"start":{"line":357,"column":8},"end":{"line":357,"column":8}}]},"18":{"line":361,"type":"if","locations":[{"start":{"line":361,"column":12},"end":{"line":361,"column":12}},{"start":{"line":361,"column":12},"end":{"line":361,"column":12}}]},"19":{"line":376,"type":"if","locations":[{"start":{"line":376,"column":8},"end":{"line":376,"column":8}},{"start":{"line":376,"column":8},"end":{"line":376,"column":8}}]},"20":{"line":378,"type":"if","locations":[{"start":{"line":378,"column":8},"end":{"line":378,"column":8}},{"start":{"line":378,"column":8},"end":{"line":378,"column":8}}]},"21":{"line":379,"type":"if","locations":[{"start":{"line":379,"column":8},"end":{"line":379,"column":8}},{"start":{"line":379,"column":8},"end":{"line":379,"column":8}}]},"22":{"line":380,"type":"if","locations":[{"start":{"line":380,"column":8},"end":{"line":380,"column":8}},{"start":{"line":380,"column":8},"end":{"line":380,"column":8}}]},"23":{"line":392,"type":"if","locations":[{"start":{"line":392,"column":12},"end":{"line":392,"column":12}},{"start":{"line":392,"column":12},"end":{"line":392,"column":12}}]},"24":{"line":396,"type":"if","locations":[{"start":{"line":396,"column":12},"end":{"line":396,"column":12}},{"start":{"line":396,"column":12},"end":{"line":396,"column":12}}]},"25":{"line":436,"type":"if","locations":[{"start":{"line":436,"column":12},"end":{"line":436,"column":12}},{"start":{"line":436,"column":12},"end":{"line":436,"column":12}}]},"26":{"line":443,"type":"if","locations":[{"start":{"line":443,"column":12},"end":{"line":443,"column":12}},{"start":{"line":443,"column":12},"end":{"line":443,"column":12}}]},"27":{"line":464,"type":"if","locations":[{"start":{"line":464,"column":8},"end":{"line":464,"column":8}},{"start":{"line":464,"column":8},"end":{"line":464,"column":8}}]}}},"contracts\\ControlContractFactory.sol":{"l":{"28":42,"45":2,"66":13,"68":13,"70":13,"72":10,"85":13,"87":13,"89":13},"path":"g:\\_projects\\intercoin\\ControlContract\\src\\contracts\\ControlContractFactory.sol","s":{"1":42,"2":2,"3":13,"4":13,"5":13,"6":10,"7":13,"8":13,"9":13},"b":{"1":[13,0]},"f":{"1":42,"2":2,"3":13,"4":13},"fnMap":{"1":{"name":"constructor","line":24,"loc":{"start":{"line":24,"column":4},"end":{"line":29,"column":4}}},"2":{"name":"instancesCount","line":40,"loc":{"start":{"line":40,"column":4},"end":{"line":46,"column":4}}},"3":{"name":"produce","line":58,"loc":{"start":{"line":58,"column":4},"end":{"line":74,"column":4}}},"4":{"name":"_produce","line":80,"loc":{"start":{"line":80,"column":4},"end":{"line":90,"column":4}}}},"statementMap":{"1":{"start":{"line":28,"column":8},"end":{"line":28,"column":58}},"2":{"start":{"line":45,"column":8},"end":{"line":45,"column":32}},"3":{"start":{"line":66,"column":8},"end":{"line":66,"column":55}},"4":{"start":{"line":68,"column":8},"end":{"line":68,"column":25}},"5":{"start":{"line":70,"column":8},"end":{"line":70,"column":65}},"6":{"start":{"line":72,"column":8},"end":{"line":72,"column":54}},"7":{"start":{"line":85,"column":8},"end":{"line":85,"column":90}},"8":{"start":{"line":87,"column":8},"end":{"line":87,"column":31}},"9":{"start":{"line":89,"column":8},"end":{"line":89,"column":56}}},"branchMap":{"1":{"line":85,"type":"if","locations":[{"start":{"line":85,"column":8},"end":{"line":85,"column":8}},{"start":{"line":85,"column":8},"end":{"line":85,"column":8}}]}}},"contracts\\ERC20Mintable.sol":{"l":{"26":6,"27":6,"36":14},"path":"g:\\_projects\\intercoin\\ControlContract\\src\\contracts\\ERC20Mintable.sol","s":{"1":6,"2":6,"3":14},"b":{},"f":{"1":6,"2":14},"fnMap":{"1":{"name":"init","line":24,"loc":{"start":{"line":19,"column":4},"end":{"line":28,"column":4}}},"2":{"name":"mint","line":35,"loc":{"start":{"line":35,"column":4},"end":{"line":37,"column":4}}}},"statementMap":{"1":{"start":{"line":26,"column":8},"end":{"line":26,"column":23}},"2":{"start":{"line":27,"column":8},"end":{"line":27,"column":43}},"3":{"start":{"line":36,"column":8},"end":{"line":36,"column":29}}},"branchMap":{}},"contracts\\IntercoinTrait.sol":{"l":{"19":0,"20":0,"21":0,"22":0,"24":0,"31":0,"39":0,"40":0},"path":"g:\\_projects\\intercoin\\ControlContract\\src\\contracts\\IntercoinTrait.sol","s":{"1":0,"2":0,"3":0,"4":0,"5":0,"6":0,"7":0,"8":0},"b":{"1":[0,0],"2":[0,0],"3":[0,0]},"f":{"1":0,"2":0,"3":0},"fnMap":{"1":{"name":"setIntercoinAddress","line":18,"loc":{"start":{"line":18,"column":4},"end":{"line":25,"column":4}}},"2":{"name":"getIntercoinAddress","line":30,"loc":{"start":{"line":30,"column":4},"end":{"line":32,"column":4}}},"3":{"name":"checkInstance","line":37,"loc":{"start":{"line":37,"column":4},"end":{"line":41,"column":4}}}},"statementMap":{"1":{"start":{"line":19,"column":8},"end":{"line":19,"column":63}},"2":{"start":{"line":20,"column":8},"end":{"line":20,"column":50}},"3":{"start":{"line":21,"column":8},"end":{"line":21,"column":27}},"4":{"start":{"line":22,"column":8},"end":{"line":22,"column":21}},"5":{"start":{"line":24,"column":8},"end":{"line":24,"column":19}},"6":{"start":{"line":31,"column":8},"end":{"line":31,"column":28}},"7":{"start":{"line":39,"column":8},"end":{"line":39,"column":89}},"8":{"start":{"line":40,"column":8},"end":{"line":40,"column":60}}},"branchMap":{"1":{"line":19,"type":"if","locations":[{"start":{"line":19,"column":8},"end":{"line":19,"column":8}},{"start":{"line":19,"column":8},"end":{"line":19,"column":8}}]},"2":{"line":20,"type":"if","locations":[{"start":{"line":20,"column":8},"end":{"line":20,"column":8}},{"start":{"line":20,"column":8},"end":{"line":20,"column":8}}]},"3":{"line":39,"type":"if","locations":[{"start":{"line":39,"column":8},"end":{"line":39,"column":8}},{"start":{"line":39,"column":8},"end":{"line":39,"column":8}}]}}},"contracts\\interfaces\\ICommunity.sol":{"l":{},"path":"g:\\_projects\\intercoin\\ControlContract\\src\\contracts\\interfaces\\ICommunity.sol","s":{},"b":{},"f":{},"fnMap":{},"statementMap":{},"branchMap":{}},"contracts\\interfaces\\IControlContract.sol":{"l":{},"path":"g:\\_projects\\intercoin\\ControlContract\\src\\contracts\\interfaces\\IControlContract.sol","s":{},"b":{},"f":{},"fnMap":{},"statementMap":{},"branchMap":{}},"contracts\\interfaces\\IIntercoin.sol":{"l":{},"path":"g:\\_projects\\intercoin\\ControlContract\\src\\contracts\\interfaces\\IIntercoin.sol","s":{},"b":{},"f":{},"fnMap":{},"statementMap":{},"branchMap":{}},"contracts\\interfaces\\IIntercoinTrait.sol":{"l":{},"path":"g:\\_projects\\intercoin\\ControlContract\\src\\contracts\\interfaces\\IIntercoinTrait.sol","s":{},"b":{},"f":{},"fnMap":{},"statementMap":{},"branchMap":{}},"contracts\\lib\\StringUtils.sol":{"l":{"11":0,"12":0,"13":0,"16":0,"26":0,"27":0,"28":0,"30":0,"31":0,"32":0,"34":0,"41":0,"42":0,"43":0,"45":0,"47":0,"49":0,"52":0,"57":1984,"58":1681,"60":303,"61":198,"63":105,"64":105,"70":16,"71":16,"72":16,"73":16,"74":992,"77":16},"path":"g:\\_projects\\intercoin\\ControlContract\\src\\contracts\\lib\\StringUtils.sol","s":{"1":0,"2":0,"3":0,"4":0,"5":0,"6":0,"7":0,"8":0,"9":0,"10":0,"11":0,"12":0,"13":0,"14":0,"15":0,"16":0,"17":1984,"18":1681,"19":303,"20":198,"21":105,"22":105,"23":16,"24":16,"25":16,"26":16,"27":992,"28":16},"b":{"1":[0,0],"2":[0,0],"3":[1681,303],"4":[198,105],"5":[105,0],"6":[16,0]},"f":{"1":0,"2":0,"3":0,"4":1984,"5":16},"fnMap":{"1":{"name":"stringToBytes32","line":10,"loc":{"start":{"line":10,"column":4},"end":{"line":19,"column":4}}},"2":{"name":"bytes32ToString","line":25,"loc":{"start":{"line":25,"column":4},"end":{"line":35,"column":4}}},"3":{"name":"_toLower","line":40,"loc":{"start":{"line":40,"column":4},"end":{"line":53,"column":4}}},"4":{"name":"fromHexChar","line":56,"loc":{"start":{"line":56,"column":4},"end":{"line":66,"column":4}}},"5":{"name":"fromHex","line":69,"loc":{"start":{"line":69,"column":4},"end":{"line":78,"column":4}}}},"statementMap":{"1":{"start":{"line":11,"column":8},"end":{"line":11,"column":56}},"2":{"start":{"line":12,"column":8},"end":{"line":12,"column":338}},"3":{"start":{"line":13,"column":12},"end":{"line":13,"column":22}},"4":{"start":{"line":26,"column":8},"end":{"line":26,"column":19}},"5":{"start":{"line":27,"column":8},"end":{"line":27,"column":702}},"6":{"start":{"line":30,"column":8},"end":{"line":30,"column":46}},"7":{"start":{"line":31,"column":8},"end":{"line":31,"column":821}},"8":{"start":{"line":32,"column":12},"end":{"line":32,"column":38}},"9":{"start":{"line":34,"column":8},"end":{"line":34,"column":33}},"10":{"start":{"line":41,"column":8},"end":{"line":41,"column":38}},"11":{"start":{"line":42,"column":8},"end":{"line":42,"column":52}},"12":{"start":{"line":43,"column":8},"end":{"line":43,"column":1199}},"13":{"start":{"line":45,"column":12},"end":{"line":45,"column":1294}},"14":{"start":{"line":47,"column":16},"end":{"line":47,"column":54}},"15":{"start":{"line":49,"column":16},"end":{"line":49,"column":34}},"16":{"start":{"line":52,"column":8},"end":{"line":52,"column":29}},"17":{"start":{"line":57,"column":8},"end":{"line":57,"column":1713}},"18":{"start":{"line":58,"column":12},"end":{"line":58,"column":39}},"19":{"start":{"line":60,"column":8},"end":{"line":60,"column":1838}},"20":{"start":{"line":61,"column":12},"end":{"line":61,"column":44}},"21":{"start":{"line":63,"column":8},"end":{"line":63,"column":1968}},"22":{"start":{"line":64,"column":12},"end":{"line":64,"column":44}},"23":{"start":{"line":70,"column":8},"end":{"line":70,"column":34}},"24":{"start":{"line":71,"column":8},"end":{"line":71,"column":32}},"25":{"start":{"line":72,"column":8},"end":{"line":72,"column":47}},"26":{"start":{"line":73,"column":8},"end":{"line":73,"column":2374}},"27":{"start":{"line":74,"column":12},"end":{"line":74,"column":2468}},"28":{"start":{"line":77,"column":8},"end":{"line":77,"column":16}}},"branchMap":{"1":{"line":12,"type":"if","locations":[{"start":{"line":12,"column":8},"end":{"line":12,"column":8}},{"start":{"line":12,"column":8},"end":{"line":12,"column":8}}]},"2":{"line":45,"type":"if","locations":[{"start":{"line":45,"column":12},"end":{"line":45,"column":12}},{"start":{"line":45,"column":12},"end":{"line":45,"column":12}}]},"3":{"line":57,"type":"if","locations":[{"start":{"line":57,"column":8},"end":{"line":57,"column":8}},{"start":{"line":57,"column":8},"end":{"line":57,"column":8}}]},"4":{"line":60,"type":"if","locations":[{"start":{"line":60,"column":8},"end":{"line":60,"column":8}},{"start":{"line":60,"column":8},"end":{"line":60,"column":8}}]},"5":{"line":63,"type":"if","locations":[{"start":{"line":63,"column":8},"end":{"line":63,"column":8}},{"start":{"line":63,"column":8},"end":{"line":63,"column":8}}]},"6":{"line":71,"type":"if","locations":[{"start":{"line":71,"column":8},"end":{"line":71,"column":8}},{"start":{"line":71,"column":8},"end":{"line":71,"column":8}}]}}},"contracts\\mock\\CommunityMock.sol":{"l":{"15":19,"18":0,"22":25,"23":25,"24":25,"25":25,"39":65,"41":65,"45":0,"46":0},"path":"g:\\_projects\\intercoin\\ControlContract\\src\\contracts\\mock\\CommunityMock.sol","s":{"1":19,"2":0,"3":25,"4":25,"5":25,"6":25,"7":65,"8":65,"9":0,"10":0},"b":{},"f":{"1":19,"2":0,"3":25,"4":65,"5":0},"fnMap":{"1":{"name":"memberCount","line":14,"loc":{"start":{"line":14,"column":4},"end":{"line":16,"column":4}}},"2":{"name":"setMemberCount","line":17,"loc":{"start":{"line":17,"column":4},"end":{"line":19,"column":4}}},"3":{"name":"setRoles","line":21,"loc":{"start":{"line":21,"column":4},"end":{"line":29,"column":4}}},"4":{"name":"getRoles","line":31,"loc":{"start":{"line":31,"column":4},"end":{"line":43,"column":4}}},"5":{"name":"getMember","line":44,"loc":{"start":{"line":44,"column":4},"end":{"line":47,"column":4}}}},"statementMap":{"1":{"start":{"line":15,"column":8},"end":{"line":15,"column":20}},"2":{"start":{"line":18,"column":8},"end":{"line":18,"column":21}},"3":{"start":{"line":22,"column":8},"end":{"line":22,"column":19}},"4":{"start":{"line":23,"column":8},"end":{"line":23,"column":668}},"5":{"start":{"line":24,"column":12},"end":{"line":24,"column":37}},"6":{"start":{"line":25,"column":12},"end":{"line":25,"column":40}},"7":{"start":{"line":39,"column":8},"end":{"line":39,"column":27}},"8":{"start":{"line":41,"column":8},"end":{"line":41,"column":19}},"9":{"start":{"line":45,"column":8},"end":{"line":45,"column":48}},"10":{"start":{"line":46,"column":8},"end":{"line":46,"column":19}}},"branchMap":{}},"contracts\\mock\\ControlContractMock.sol":{"l":{"11":5},"path":"g:\\_projects\\intercoin\\ControlContract\\src\\contracts\\mock\\ControlContractMock.sol","s":{"1":5},"b":{},"f":{"1":5},"fnMap":{"1":{"name":"getGroupTimeoutActivity","line":10,"loc":{"start":{"line":10,"column":4},"end":{"line":12,"column":4}}}},"statementMap":{"1":{"start":{"line":11,"column":8},"end":{"line":11,"column":35}}},"branchMap":{}},"contracts\\mock\\SomeExternalMock.sol":{"l":{"9":1,"13":2,"18":1,"22":0,"24":0,"28":0},"path":"g:\\_projects\\intercoin\\ControlContract\\src\\contracts\\mock\\SomeExternalMock.sol","s":{"1":2,"2":1,"3":0,"4":0,"5":0},"b":{},"f":{"1":1,"2":2,"3":1,"4":0,"5":0},"fnMap":{"1":{"name":"counter","line":8,"loc":{"start":{"line":8,"column":4},"end":{"line":10,"column":4}}},"2":{"name":"viewCounter","line":12,"loc":{"start":{"line":12,"column":4},"end":{"line":14,"column":4}}},"3":{"name":"returnFuncSignatureHexadecimalString","line":16,"loc":{"start":{"line":16,"column":4},"end":{"line":19,"column":4}}},"4":{"name":"getNumber","line":21,"loc":{"start":{"line":21,"column":4},"end":{"line":26,"column":4}}},"5":{"name":"getHash","line":27,"loc":{"start":{"line":27,"column":4},"end":{"line":31,"column":4}}}},"statementMap":{"1":{"start":{"line":13,"column":8},"end":{"line":13,"column":29}},"2":{"start":{"line":18,"column":8},"end":{"line":18,"column":25}},"3":{"start":{"line":22,"column":8},"end":{"line":22,"column":50}},"4":{"start":{"line":24,"column":8},"end":{"line":24,"column":81}},"5":{"start":{"line":28,"column":8},"end":{"line":28,"column":41}}},"branchMap":{}}}