TN:
SF:g:\_projects\intercoin\ControlContract\src\contracts\ControlContract.sol
FN:55,canInvoke
FN:108,init
FN:169,invoke
FN:199,endorse
FN:227,addMethod
FN:261,heartbeat
FN:333,getExpectGroupIndex
FN:349,_getExpectGroupIndex
FN:374,_endorse
FN:423,getEndorsedRoles
FN:458,roleAdd
FN:477,roleExists
FN:491,generateInvokeID
FNF:13
FNH:13
FNDA:10,canInvoke
FNDA:13,init
FNDA:10,invoke
FNDA:6,endorse
FNDA:10,addMethod
FNDA:35,heartbeat
FNDA:4,getExpectGroupIndex
FNDA:39,_getExpectGroupIndex
FNDA:23,_endorse
FNDA:20,getEndorsedRoles
FNDA:30,roleAdd
FNDA:52,roleExists
FNDA:7,generateInvokeID
DA:61,10
DA:62,10
DA:63,10
DA:64,10
DA:65,10
DA:66,10
DA:69,10
DA:70,10
DA:87,17
DA:89,17
DA:90,17
DA:110,13
DA:111,13
DA:113,13
DA:115,13
DA:116,13
DA:117,13
DA:128,13
DA:133,12
DA:135,11
DA:136,11
DA:137,11
DA:138,16
DA:147,15
DA:148,15
DA:149,15
DA:150,15
DA:172,10
DA:173,10
DA:175,10
DA:177,7
DA:178,7
DA:180,7
DA:182,7
DA:184,7
DA:185,7
DA:186,7
DA:187,7
DA:188,7
DA:190,7
DA:204,6
DA:205,6
DA:229,10
DA:231,10
DA:232,10
DA:235,10
DA:238,4
DA:244,9
DA:245,9
DA:246,9
DA:247,9
DA:248,9
DA:249,9
DA:250,9
DA:266,35
DA:267,35
DA:269,35
DA:270,35
DA:271,46
DA:272,46
DA:276,35
DA:281,35
DA:282,35
DA:283,46
DA:284,46
DA:289,35
DA:290,35
DA:295,35
DA:297,35
DA:298,35
DA:300,35
DA:301,39
DA:302,39
DA:303,32
DA:304,32
DA:305,32
DA:308,39
DA:309,32
DA:313,35
DA:314,32
DA:315,6
DA:317,32
DA:318,32
DA:320,32
DA:322,3
DA:339,4
DA:356,39
DA:357,39
DA:358,6
DA:361,6
DA:362,2
DA:376,23
DA:377,20
DA:378,20
DA:379,20
DA:380,19
DA:382,19
DA:384,19
DA:386,19
DA:387,19
DA:388,19
DA:390,19
DA:391,19
DA:392,19
DA:393,19
DA:396,19
DA:397,16
DA:398,16
DA:409,14
DA:432,20
DA:433,20
DA:435,20
DA:436,20
DA:437,20
DA:440,20
DA:441,20
DA:442,20
DA:443,20
DA:444,20
DA:445,20
DA:448,20
DA:464,30
DA:465,30
DA:466,30
DA:467,30
DA:469,0
DA:484,52
DA:497,7
LF:128
LH:127
BRDA:65,1,0,10
BRDA:65,1,1,0
BRDA:69,2,0,10
BRDA:69,2,1,0
BRDA:128,3,0,12
BRDA:128,3,1,1
BRDA:133,4,0,11
BRDA:133,4,1,1
BRDA:138,5,0,15
BRDA:138,5,1,1
BRDA:173,6,0,10
BRDA:173,6,1,0
BRDA:231,7,0,10
BRDA:231,7,1,0
BRDA:232,8,0,10
BRDA:232,8,1,0
BRDA:235,9,0,6
BRDA:235,9,1,4
BRDA:238,10,0,3
BRDA:238,10,1,1
BRDA:272,11,0,35
BRDA:272,11,1,11
BRDA:284,12,0,35
BRDA:284,12,1,11
BRDA:302,13,0,32
BRDA:302,13,1,7
BRDA:308,14,0,32
BRDA:308,14,1,7
BRDA:313,15,0,32
BRDA:313,15,1,3
BRDA:314,16,0,6
BRDA:314,16,1,26
BRDA:357,17,0,6
BRDA:357,17,1,33
BRDA:361,18,0,2
BRDA:361,18,1,4
BRDA:376,19,0,20
BRDA:376,19,1,3
BRDA:378,20,0,20
BRDA:378,20,1,0
BRDA:379,21,0,19
BRDA:379,21,1,1
BRDA:380,22,0,19
BRDA:380,22,1,0
BRDA:392,23,0,19
BRDA:392,23,1,0
BRDA:396,24,0,16
BRDA:396,24,1,3
BRDA:436,25,0,20
BRDA:436,25,1,0
BRDA:443,26,0,20
BRDA:443,26,1,0
BRDA:464,27,0,30
BRDA:464,27,1,0
BRF:54
BRH:43
end_of_record
TN:
SF:g:\_projects\intercoin\ControlContract\src\contracts\ControlContractFactory.sol
FN:24,constructor
FN:40,instancesCount
FN:58,produce
FN:80,_produce
FNF:4
FNH:4
FNDA:42,constructor
FNDA:2,instancesCount
FNDA:13,produce
FNDA:13,_produce
DA:28,42
DA:45,2
DA:66,13
DA:68,13
DA:70,13
DA:72,10
DA:85,13
DA:87,13
DA:89,13
LF:9
LH:9
BRDA:85,1,0,13
BRDA:85,1,1,0
BRF:2
BRH:1
end_of_record
TN:
SF:g:\_projects\intercoin\ControlContract\src\contracts\ERC20Mintable.sol
FN:24,init
FN:35,mint
FNF:2
FNH:2
FNDA:6,init
FNDA:14,mint
DA:26,6
DA:27,6
DA:36,14
LF:3
LH:3
BRF:0
BRH:0
end_of_record
TN:
SF:g:\_projects\intercoin\ControlContract\src\contracts\IntercoinTrait.sol
FN:18,setIntercoinAddress
FN:30,getIntercoinAddress
FN:37,checkInstance
FNF:3
FNH:0
FNDA:0,setIntercoinAddress
FNDA:0,getIntercoinAddress
FNDA:0,checkInstance
DA:19,0
DA:20,0
DA:21,0
DA:22,0
DA:24,0
DA:31,0
DA:39,0
DA:40,0
LF:8
LH:0
BRDA:19,1,0,0
BRDA:19,1,1,0
BRDA:20,2,0,0
BRDA:20,2,1,0
BRDA:39,3,0,0
BRDA:39,3,1,0
BRF:6
BRH:0
end_of_record
TN:
SF:g:\_projects\intercoin\ControlContract\src\contracts\interfaces\ICommunity.sol
FNF:0
FNH:0
LF:0
LH:0
BRF:0
BRH:0
end_of_record
TN:
SF:g:\_projects\intercoin\ControlContract\src\contracts\interfaces\IControlContract.sol
FNF:0
FNH:0
LF:0
LH:0
BRF:0
BRH:0
end_of_record
TN:
SF:g:\_projects\intercoin\ControlContract\src\contracts\interfaces\IIntercoin.sol
FNF:0
FNH:0
LF:0
LH:0
BRF:0
BRH:0
end_of_record
TN:
SF:g:\_projects\intercoin\ControlContract\src\contracts\interfaces\IIntercoinTrait.sol
FNF:0
FNH:0
LF:0
LH:0
BRF:0
BRH:0
end_of_record
TN:
SF:g:\_projects\intercoin\ControlContract\src\contracts\lib\StringUtils.sol
FN:10,stringToBytes32
FN:25,bytes32ToString
FN:40,_toLower
FN:56,fromHexChar
FN:69,fromHex
FNF:5
FNH:2
FNDA:0,stringToBytes32
FNDA:0,bytes32ToString
FNDA:0,_toLower
FNDA:1984,fromHexChar
FNDA:16,fromHex
DA:11,0
DA:12,0
DA:13,0
DA:16,0
DA:26,0
DA:27,0
DA:28,0
DA:30,0
DA:31,0
DA:32,0
DA:34,0
DA:41,0
DA:42,0
DA:43,0
DA:45,0
DA:47,0
DA:49,0
DA:52,0
DA:57,1984
DA:58,1681
DA:60,303
DA:61,198
DA:63,105
DA:64,105
DA:70,16
DA:71,16
DA:72,16
DA:73,16
DA:74,992
DA:77,16
LF:30
LH:12
BRDA:12,1,0,0
BRDA:12,1,1,0
BRDA:45,2,0,0
BRDA:45,2,1,0
BRDA:57,3,0,1681
BRDA:57,3,1,303
BRDA:60,4,0,198
BRDA:60,4,1,105
BRDA:63,5,0,105
BRDA:63,5,1,0
BRDA:71,6,0,16
BRDA:71,6,1,0
BRF:12
BRH:6
end_of_record
TN:
SF:g:\_projects\intercoin\ControlContract\src\contracts\mock\CommunityMock.sol
FN:14,memberCount
FN:17,setMemberCount
FN:21,setRoles
FN:31,getRoles
FN:44,getMember
FNF:5
FNH:3
FNDA:19,memberCount
FNDA:0,setMemberCount
FNDA:25,setRoles
FNDA:65,getRoles
FNDA:0,getMember
DA:15,19
DA:18,0
DA:22,25
DA:23,25
DA:24,25
DA:25,25
DA:39,65
DA:41,65
DA:45,0
DA:46,0
LF:10
LH:7
BRF:0
BRH:0
end_of_record
TN:
SF:g:\_projects\intercoin\ControlContract\src\contracts\mock\ControlContractMock.sol
FN:10,getGroupTimeoutActivity
FNF:1
FNH:1
FNDA:5,getGroupTimeoutActivity
DA:11,5
LF:1
LH:1
BRF:0
BRH:0
end_of_record
TN:
SF:g:\_projects\intercoin\ControlContract\src\contracts\mock\SomeExternalMock.sol
FN:8,counter
FN:12,viewCounter
FN:16,returnFuncSignatureHexadecimalString
FN:21,getNumber
FN:27,getHash
FNF:5
FNH:3
FNDA:1,counter
FNDA:2,viewCounter
FNDA:1,returnFuncSignatureHexadecimalString
FNDA:0,getNumber
FNDA:0,getHash
DA:9,1
DA:13,2
DA:18,1
DA:22,0
DA:24,0
DA:28,0
LF:6
LH:3
BRF:0
BRH:0
end_of_record
